Determining if the pthread_create exist failed with the following output:
Change Dir: /home/andrew/Documents/eece5698-final/catkin-ws/build/CMakeFiles/CMakeTmp

Run Build Command:"/usr/bin/make" "cmTC_3bda1/fast"
/usr/bin/make -f CMakeFiles/cmTC_3bda1.dir/build.make CMakeFiles/cmTC_3bda1.dir/build
make[1]: Entering directory '/home/andrew/Documents/eece5698-final/catkin-ws/build/CMakeFiles/CMakeTmp'
Building C object CMakeFiles/cmTC_3bda1.dir/CheckSymbolExists.c.o
/usr/bin/cc     -o CMakeFiles/cmTC_3bda1.dir/CheckSymbolExists.c.o   -c /home/andrew/Documents/eece5698-final/catkin-ws/build/CMakeFiles/CMakeTmp/CheckSymbolExists.c
Linking C executable cmTC_3bda1
/usr/bin/cmake -E cmake_link_script CMakeFiles/cmTC_3bda1.dir/link.txt --verbose=1
/usr/bin/cc       CMakeFiles/cmTC_3bda1.dir/CheckSymbolExists.c.o  -o cmTC_3bda1 -rdynamic 
CMakeFiles/cmTC_3bda1.dir/CheckSymbolExists.c.o: In function `main':
CheckSymbolExists.c:(.text+0x16): undefined reference to `pthread_create'
collect2: error: ld returned 1 exit status
CMakeFiles/cmTC_3bda1.dir/build.make:97: recipe for target 'cmTC_3bda1' failed
make[1]: *** [cmTC_3bda1] Error 1
make[1]: Leaving directory '/home/andrew/Documents/eece5698-final/catkin-ws/build/CMakeFiles/CMakeTmp'
Makefile:126: recipe for target 'cmTC_3bda1/fast' failed
make: *** [cmTC_3bda1/fast] Error 2

File /home/andrew/Documents/eece5698-final/catkin-ws/build/CMakeFiles/CMakeTmp/CheckSymbolExists.c:
/* */
#include <pthread.h>

int main(int argc, char** argv)
{
  (void)argv;
#ifndef pthread_create
  return ((int*)(&pthread_create))[argc];
#else
  (void)argc;
  return 0;
#endif
}

Determining if the function pthread_create exists in the pthreads failed with the following output:
Change Dir: /home/andrew/Documents/eece5698-final/catkin-ws/build/CMakeFiles/CMakeTmp

Run Build Command:"/usr/bin/make" "cmTC_42af1/fast"
/usr/bin/make -f CMakeFiles/cmTC_42af1.dir/build.make CMakeFiles/cmTC_42af1.dir/build
make[1]: Entering directory '/home/andrew/Documents/eece5698-final/catkin-ws/build/CMakeFiles/CMakeTmp'
Building C object CMakeFiles/cmTC_42af1.dir/CheckFunctionExists.c.o
/usr/bin/cc    -DCHECK_FUNCTION_EXISTS=pthread_create   -o CMakeFiles/cmTC_42af1.dir/CheckFunctionExists.c.o   -c /usr/share/cmake-3.5/Modules/CheckFunctionExists.c
Linking C executable cmTC_42af1
/usr/bin/cmake -E cmake_link_script CMakeFiles/cmTC_42af1.dir/link.txt --verbose=1
/usr/bin/cc   -DCHECK_FUNCTION_EXISTS=pthread_create    CMakeFiles/cmTC_42af1.dir/CheckFunctionExists.c.o  -o cmTC_42af1 -rdynamic -lpthreads 
/usr/bin/ld: cannot find -lpthreads
collect2: error: ld returned 1 exit status
CMakeFiles/cmTC_42af1.dir/build.make:97: recipe for target 'cmTC_42af1' failed
make[1]: *** [cmTC_42af1] Error 1
make[1]: Leaving directory '/home/andrew/Documents/eece5698-final/catkin-ws/build/CMakeFiles/CMakeTmp'
Makefile:126: recipe for target 'cmTC_42af1/fast' failed
make: *** [cmTC_42af1/fast] Error 2


